<?xml version="1.0" encoding="UTF-8"?>
<testsuite name="com.epsi.crud.CrudApplicationTests" tests="1" skipped="0" failures="0" errors="0" timestamp="2024-06-06T06:58:42" hostname="etienne-GF63-Thin-8SC" time="1.756">
  <properties/>
  <testcase name="contextLoads()" classname="com.epsi.crud.CrudApplicationTests" time="1.756"/>
  <system-out><![CDATA[08:58:40.470 [Test worker] INFO org.springframework.test.context.support.AnnotationConfigContextLoaderUtils -- Could not detect default configuration classes for test class [com.epsi.crud.CrudApplicationTests]: CrudApplicationTests does not declare any static, non-private, non-final, nested classes annotated with @Configuration.
08:58:40.695 [Test worker] INFO org.springframework.boot.test.context.SpringBootTestContextBootstrapper -- Found @SpringBootConfiguration com.epsi.crud.CrudApplication for test class com.epsi.crud.CrudApplicationTests
  .   ____          _            __ _ _
 /\\ / ___'_ __ _ _(_)_ __  __ _ \ \ \ \
( ( )\___ | '_ | '_| | '_ \/ _` | \ \ \ \
 \\/  ___)| |_)| | | | | || (_| |  ) ) ) )
  '  |____| .__|_| |_|_| |_\__, | / / / /
 =========|_|==============|___/=/_/_/_/

 :: Spring Boot ::                (v3.3.0)

2024-06-06T08:58:41.519+02:00  INFO 44004 --- [crud] [    Test worker] com.epsi.crud.CrudApplicationTests       : Starting CrudApplicationTests using Java 21.0.2 with PID 44004 (started by etienne in /home/etienne/Documents/EPSI/Auto-test/epsi-atelier-auto-tests/exercice5)
2024-06-06T08:58:41.522+02:00  INFO 44004 --- [crud] [    Test worker] com.epsi.crud.CrudApplicationTests       : No active profile set, falling back to 1 default profile: "default"
2024-06-06T08:58:42.613+02:00  INFO 44004 --- [crud] [    Test worker] com.epsi.crud.CrudApplicationTests       : Started CrudApplicationTests in 1.636 seconds (process running for 4.224)
]]></system-out>
  <system-err><![CDATA[WARNING: A Java agent has been loaded dynamically (/home/etienne/.gradle/caches/modules-2/files-2.1/net.bytebuddy/byte-buddy-agent/1.14.16/4a451ee6484abac3a498df0f3b33ed00a6fced4d/byte-buddy-agent-1.14.16.jar)
WARNING: If a serviceability tool is in use, please run with -XX:+EnableDynamicAgentLoading to hide this warning
WARNING: If a serviceability tool is not in use, please run with -Djdk.instrument.traceUsage for more information
WARNING: Dynamic loading of agents will be disallowed by default in a future release
]]></system-err>
</testsuite>
